{
  "numFailedTestSuites": 0,
  "numFailedTests": 0,
  "numPassedTestSuites": 1,
  "numPassedTests": 2,
  "numPendingTestSuites": 0,
  "numPendingTests": 0,
  "numRuntimeErrorTestSuites": 0,
  "numTodoTests": 0,
  "numTotalTestSuites": 1,
  "numTotalTests": 2,
  "openHandles": [],
  "snapshot": {
    "added": 0,
    "didUpdate": false,
    "failure": false,
    "filesAdded": 0,
    "filesRemoved": 0,
    "filesRemovedList": [],
    "filesUnmatched": 0,
    "filesUpdated": 0,
    "matched": 0,
    "total": 0,
    "unchecked": 0,
    "uncheckedKeysByFile": [],
    "unmatched": 0,
    "updated": 0
  },
  "startTime": 1740994686372,
  "success": false,
  "testResults": [
    {
      "leaks": false,
      "numFailingTests": 0,
      "numPassingTests": 2,
      "numPendingTests": 0,
      "numTodoTests": 0,
      "openHandles": [],
      "perfStats": {
        "end": 1740994687760,
        "runtime": 1343,
        "slow": false,
        "start": 1740994686417
      },
      "skipped": false,
      "snapshot": {
        "added": 0,
        "fileDeleted": false,
        "matched": 0,
        "unchecked": 0,
        "uncheckedKeys": [],
        "unmatched": 0,
        "updated": 0
      },
      "testFilePath": "/Users/renee/Desktop/cash_cache/src/app/@pages/dashboardPage/DashboardPage.test.ts",
      "testResults": [
        {
          "ancestorTitles": [
            "incrementCount function"
          ],
          "duration": 2,
          "failureDetails": [],
          "failureMessages": [],
          "fullName": "incrementCount function 應該將數字加 1",
          "invocations": 1,
          "location": null,
          "numPassingAsserts": 3,
          "retryReasons": [],
          "status": "passed",
          "title": "應該將數字加 1"
        },
        {
          "ancestorTitles": [
            "incrementCount function"
          ],
          "duration": 0,
          "failureDetails": [],
          "failureMessages": [],
          "fullName": "incrementCount function 應該返回數字類型",
          "invocations": 1,
          "location": null,
          "numPassingAsserts": 1,
          "retryReasons": [],
          "status": "passed",
          "title": "應該返回數字類型"
        }
      ],
      "failureMessage": null
    }
  ],
  "wasInterrupted": false
}